<?xml version="1.0" encoding="UTF-8"?>
<!-- Generated by org.testng.reporters.JUnitXMLReporter -->
<testsuite ignored="0" hostname="LAPTOP-Q5ML8L6J" failures="0" tests="3" name="Test" time="42.091" errors="0" timestamp="2023-12-21T14:48:09 IST">
  <testcase classname="project1.Testcase1Test" name="testcase1" time="10.985"/>
  <testcase classname="project1.Testcase2Test" name="testcase1" time="21.142"/>
  <testcase classname="project1.Testcase3Test" name="testcase1" time="9.938"/>
</testsuite> <!-- Test -->
