<?xml version="1.0" encoding="UTF-8"?>
<testng-results ignored="0" total="1" passed="0" failed="1" skipped="0">
  <reporter-output>
    <line>
      <![CDATA[connect to server]]>
    </line>
    <line>
      <![CDATA[connetct to database]]>
    </line>
    <line>
      <![CDATA[dissconnect to database]]>
    </line>
    <line>
      <![CDATA[dissconnect to server]]>
    </line>
  </reporter-output>
  <suite started-at="2023-12-23T00:35:22 IST" name="Surefire suite" finished-at="2023-12-23T00:35:50 IST" duration-ms="27364">
    <groups>
    </groups>
    <test started-at="2023-12-23T00:35:22 IST" name="Surefire test" finished-at="2023-12-23T00:35:50 IST" duration-ms="27364">
      <class name="Test_script.RegisterTest">
        <test-method is-config="true" signature="beforesuite()[pri:0, instance:Test_script.RegisterTest@2638011]" started-at="2023-12-23T00:35:22 IST" name="beforesuite" finished-at="2023-12-23T00:35:22 IST" duration-ms="7" status="PASS">
          <reporter-output>
            <line>
              <![CDATA[connect to server]]>
            </line>
          </reporter-output>
        </test-method> <!-- beforesuite -->
        <test-method is-config="true" signature="beforetest()[pri:0, instance:Test_script.RegisterTest@2638011]" started-at="2023-12-23T00:35:22 IST" name="beforetest" finished-at="2023-12-23T00:35:22 IST" duration-ms="1" status="PASS">
          <reporter-output>
            <line>
              <![CDATA[connetct to database]]>
            </line>
          </reporter-output>
        </test-method> <!-- beforetest -->
        <test-method is-config="true" signature="beforeclass()[pri:0, instance:Test_script.RegisterTest@2638011]" started-at="2023-12-23T00:35:22 IST" name="beforeclass" finished-at="2023-12-23T00:35:35 IST" duration-ms="12454" status="PASS">
          <reporter-output>
          </reporter-output>
        </test-method> <!-- beforeclass -->
        <test-method signature="testcase(java.lang.String, java.lang.String, java.lang.String, java.lang.String, java.lang.String)[pri:0, instance:Test_script.RegisterTest@2638011]" started-at="2023-12-23T00:35:36 IST" name="testcase" data-provider="registerdata" finished-at="2023-12-23T00:35:49 IST" duration-ms="13228" status="FAIL">
          <params>
            <param index="0">
              <value>
                <![CDATA[reshu]]>
              </value>
            </param>
            <param index="1">
              <value>
                <![CDATA[shaik]]>
              </value>
            </param>
            <param index="2">
              <value>
                <![CDATA[reshu2@gmail.com]]>
              </value>
            </param>
            <param index="3">
              <value>
                <![CDATA[reshu123]]>
              </value>
            </param>
            <param index="4">
              <value>
                <![CDATA[reshu123]]>
              </value>
            </param>
          </params>
          <exception class="org.openqa.selenium.InvalidSelectorException">
            <message>
              <![CDATA[Compound class names not permitted
For documentation on this error, please visit: https://www.selenium.dev/documentation/webdriver/troubleshooting/errors#invalid-selector-exception
Build info: version: '4.12.0', revision: '249f2a7d1b*'
System info: os.name: 'Windows 11', os.arch: 'amd64', os.version: '10.0', java.version: '17.0.9'
Driver info: driver.version: unknown]]>
            </message>
            <full-stacktrace>
              <![CDATA[org.openqa.selenium.InvalidSelectorException: Compound class names not permitted
For documentation on this error, please visit: https://www.selenium.dev/documentation/webdriver/troubleshooting/errors#invalid-selector-exception
Build info: version: '4.12.0', revision: '249f2a7d1b*'
System info: os.name: 'Windows 11', os.arch: 'amd64', os.version: '10.0', java.version: '17.0.9'
Driver info: driver.version: unknown
at org.openqa.selenium.By$ByClassName.<init>(By.java:309)
at org.openqa.selenium.By.className(By.java:100)
at org.openqa.selenium.support.AbstractFindByBuilder.buildByFromShortFindBy(AbstractFindByBuilder.java:42)
at org.openqa.selenium.support.FindBy$FindByBuilder.buildIt(FindBy.java:83)
at org.openqa.selenium.support.pagefactory.Annotations.buildBy(Annotations.java:82)
at org.openqa.selenium.support.pagefactory.DefaultElementLocator.<init>(DefaultElementLocator.java:58)
at org.openqa.selenium.support.pagefactory.DefaultElementLocator.<init>(DefaultElementLocator.java:46)
at org.openqa.selenium.support.pagefactory.DefaultElementLocatorFactory.createLocator(DefaultElementLocatorFactory.java:32)
at org.openqa.selenium.support.pagefactory.DefaultFieldDecorator.decorate(DefaultFieldDecorator.java:55)
at org.openqa.selenium.support.PageFactory.proxyFields(PageFactory.java:109)
at org.openqa.selenium.support.PageFactory.initElements(PageFactory.java:101)
at org.openqa.selenium.support.PageFactory.initElements(PageFactory.java:88)
at org.openqa.selenium.support.PageFactory.initElements(PageFactory.java:76)
at pom_scripts.Basepage.<init>(Basepage.java:12)
at pom_scripts.Homepage.<init>(Homepage.java:10)
at Test_script.RegisterTest.testcase(RegisterTest.java:57)
at java.base/jdk.internal.reflect.NativeMethodAccessorImpl.invoke0(Native Method)
at java.base/jdk.internal.reflect.NativeMethodAccessorImpl.invoke(NativeMethodAccessorImpl.java:77)
at java.base/jdk.internal.reflect.DelegatingMethodAccessorImpl.invoke(DelegatingMethodAccessorImpl.java:43)
at java.base/java.lang.reflect.Method.invoke(Method.java:568)
at org.testng.internal.MethodInvocationHelper.invokeMethod(MethodInvocationHelper.java:134)
at org.testng.internal.TestInvoker.invokeMethod(TestInvoker.java:597)
at org.testng.internal.TestInvoker.invokeTestMethod(TestInvoker.java:173)
at org.testng.internal.MethodRunner.runInSequence(MethodRunner.java:46)
at org.testng.internal.TestInvoker$MethodInvocationAgent.invoke(TestInvoker.java:816)
at org.testng.internal.TestInvoker.invokeTestMethods(TestInvoker.java:146)
at org.testng.internal.TestMethodWorker.invokeTestMethods(TestMethodWorker.java:146)
at org.testng.internal.TestMethodWorker.run(TestMethodWorker.java:128)
at java.base/java.util.ArrayList.forEach(ArrayList.java:1511)
at org.testng.TestRunner.privateRun(TestRunner.java:766)
at org.testng.TestRunner.run(TestRunner.java:587)
at org.testng.SuiteRunner.runTest(SuiteRunner.java:384)
at org.testng.SuiteRunner.runSequentially(SuiteRunner.java:378)
at org.testng.SuiteRunner.privateRun(SuiteRunner.java:337)
at org.testng.SuiteRunner.run(SuiteRunner.java:286)
at org.testng.SuiteRunnerWorker.runSuite(SuiteRunnerWorker.java:53)
at org.testng.SuiteRunnerWorker.run(SuiteRunnerWorker.java:96)
at org.testng.TestNG.runSuitesSequentially(TestNG.java:1187)
at org.testng.TestNG.runSuitesLocally(TestNG.java:1109)
at org.testng.TestNG.runSuites(TestNG.java:1039)
at org.testng.TestNG.run(TestNG.java:1007)
at org.apache.maven.surefire.testng.TestNGExecutor.run(TestNGExecutor.java:155)
at org.apache.maven.surefire.testng.TestNGDirectoryTestSuite.executeSingleClass(TestNGDirectoryTestSuite.java:102)
at org.apache.maven.surefire.testng.TestNGDirectoryTestSuite.execute(TestNGDirectoryTestSuite.java:91)
at org.apache.maven.surefire.testng.TestNGProvider.invoke(TestNGProvider.java:137)
at org.apache.maven.surefire.booter.ForkedBooter.runSuitesInProcess(ForkedBooter.java:385)
at org.apache.maven.surefire.booter.ForkedBooter.execute(ForkedBooter.java:162)
at org.apache.maven.surefire.booter.ForkedBooter.run(ForkedBooter.java:507)
at org.apache.maven.surefire.booter.ForkedBooter.main(ForkedBooter.java:495)
]]>
            </full-stacktrace>
          </exception> <!-- org.openqa.selenium.InvalidSelectorException -->
          <reporter-output>
          </reporter-output>
        </test-method> <!-- testcase -->
        <test-method is-config="true" signature="afterclass()[pri:0, instance:Test_script.RegisterTest@2638011]" started-at="2023-12-23T00:35:49 IST" name="afterclass" finished-at="2023-12-23T00:35:50 IST" duration-ms="347" status="PASS">
          <reporter-output>
          </reporter-output>
        </test-method> <!-- afterclass -->
        <test-method is-config="true" signature="aftertest()[pri:0, instance:Test_script.RegisterTest@2638011]" started-at="2023-12-23T00:35:50 IST" name="aftertest" finished-at="2023-12-23T00:35:50 IST" duration-ms="0" status="PASS">
          <reporter-output>
            <line>
              <![CDATA[dissconnect to database]]>
            </line>
          </reporter-output>
        </test-method> <!-- aftertest -->
        <test-method is-config="true" signature="aftersuite()[pri:0, instance:Test_script.RegisterTest@2638011]" started-at="2023-12-23T00:35:50 IST" name="aftersuite" finished-at="2023-12-23T00:35:50 IST" duration-ms="0" status="PASS">
          <reporter-output>
            <line>
              <![CDATA[dissconnect to server]]>
            </line>
          </reporter-output>
        </test-method> <!-- aftersuite -->
      </class> <!-- Test_script.RegisterTest -->
    </test> <!-- Surefire test -->
  </suite> <!-- Surefire suite -->
</testng-results>
