<?xml version="1.0" encoding="UTF-8"?>
<testng-results ignored="0" total="1" passed="1" failed="0" skipped="0">
  <reporter-output>
    <line>
      <![CDATA[connect to server]]>
    </line>
    <line>
      <![CDATA[connetct to database]]>
    </line>
    <line>
      <![CDATA[dissconnect to database]]>
    </line>
    <line>
      <![CDATA[dissconnect to server]]>
    </line>
  </reporter-output>
  <suite started-at="2023-12-27T15:04:40 IST" name="Default suite" finished-at="2023-12-27T15:04:53 IST" duration-ms="12731">
    <groups>
    </groups>
    <test started-at="2023-12-27T15:04:40 IST" name="Default test" finished-at="2023-12-27T15:04:53 IST" duration-ms="12731">
      <class name="Test_script.RegisterTest">
        <test-method is-config="true" signature="beforesuite()[pri:0, instance:Test_script.RegisterTest@29d89d5d]" started-at="2023-12-27T15:04:40 IST" name="beforesuite" finished-at="2023-12-27T15:04:40 IST" duration-ms="6" status="PASS">
          <reporter-output>
            <line>
              <![CDATA[connect to server]]>
            </line>
          </reporter-output>
        </test-method> <!-- beforesuite -->
        <test-method is-config="true" signature="beforetest()[pri:0, instance:Test_script.RegisterTest@29d89d5d]" started-at="2023-12-27T15:04:40 IST" name="beforetest" finished-at="2023-12-27T15:04:40 IST" duration-ms="1" status="PASS">
          <reporter-output>
            <line>
              <![CDATA[connetct to database]]>
            </line>
          </reporter-output>
        </test-method> <!-- beforetest -->
        <test-method is-config="true" signature="beforeclass()[pri:0, instance:Test_script.RegisterTest@29d89d5d]" started-at="2023-12-27T15:04:40 IST" name="beforeclass" finished-at="2023-12-27T15:04:47 IST" duration-ms="6767" status="PASS">
          <reporter-output>
          </reporter-output>
        </test-method> <!-- beforeclass -->
        <test-method signature="testcase1(java.lang.String, java.lang.String, java.lang.String, java.lang.String, java.lang.String)[pri:0, instance:Test_script.RegisterTest@29d89d5d]" started-at="2023-12-27T15:04:47 IST" name="testcase1" data-provider="registerdata" finished-at="2023-12-27T15:04:52 IST" duration-ms="5327" status="PASS">
          <params>
            <param index="0">
              <value>
                <![CDATA[reshu]]>
              </value>
            </param>
            <param index="1">
              <value>
                <![CDATA[shaik]]>
              </value>
            </param>
            <param index="2">
              <value>
                <![CDATA[reshu2@gmail.com]]>
              </value>
            </param>
            <param index="3">
              <value>
                <![CDATA[reshu123]]>
              </value>
            </param>
            <param index="4">
              <value>
                <![CDATA[reshu123]]>
              </value>
            </param>
          </params>
          <reporter-output>
          </reporter-output>
        </test-method> <!-- testcase1 -->
        <test-method is-config="true" signature="afterclass()[pri:0, instance:Test_script.RegisterTest@29d89d5d]" started-at="2023-12-27T15:04:53 IST" name="afterclass" finished-at="2023-12-27T15:04:53 IST" duration-ms="0" status="PASS">
          <reporter-output>
          </reporter-output>
        </test-method> <!-- afterclass -->
        <test-method is-config="true" signature="aftertest()[pri:0, instance:Test_script.RegisterTest@29d89d5d]" started-at="2023-12-27T15:04:53 IST" name="aftertest" finished-at="2023-12-27T15:04:53 IST" duration-ms="0" status="PASS">
          <reporter-output>
            <line>
              <![CDATA[dissconnect to database]]>
            </line>
          </reporter-output>
        </test-method> <!-- aftertest -->
        <test-method is-config="true" signature="aftersuite()[pri:0, instance:Test_script.RegisterTest@29d89d5d]" started-at="2023-12-27T15:04:53 IST" name="aftersuite" finished-at="2023-12-27T15:04:53 IST" duration-ms="0" status="PASS">
          <reporter-output>
            <line>
              <![CDATA[dissconnect to server]]>
            </line>
          </reporter-output>
        </test-method> <!-- aftersuite -->
      </class> <!-- Test_script.RegisterTest -->
    </test> <!-- Default test -->
  </suite> <!-- Default suite -->
</testng-results>
